# JRE version: OpenJDK Runtime Environment AdoptOpenJDK (11.0.10+9) (build 11.0.10+9)
# Java VM: OpenJDK 64-Bit Server VM AdoptOpenJDK (11.0.10+9, mixed mode, tiered, compressed oops, g1 gc, windows-amd64)
Heap:
 garbage-first heap   total 312320K, used 74404K [0x0000000702600000, 0x0000000800000000)
  region size 1024K, 68 young (69632K), 12 survivors (12288K)
 Metaspace       used 50255K, capacity 51653K, committed 51840K, reserved 1093632K
  class space    used 6092K, capacity 6671K, committed 6784K, reserved 1048576K
GC Heap History (12 events):
Event: 0.410 GC heap before
{Heap before GC invocations=0 (full 0):
 garbage-first heap   total 260096K, used 23552K [0x0000000702600000, 0x0000000800000000)
  region size 1024K, 24 young (24576K), 0 survivors (0K)
 Metaspace       used 11383K, capacity 11631K, committed 11904K, reserved 1060864K
  class space    used 1086K, capacity 1131K, committed 1152K, reserved 1048576K
}
Event: 0.413 GC heap after
{Heap after GC invocations=1 (full 0):
 garbage-first heap   total 260096K, used 5934K [0x0000000702600000, 0x0000000800000000)
  region size 1024K, 3 young (3072K), 3 survivors (3072K)
 Metaspace       used 11383K, capacity 11631K, committed 11904K, reserved 1060864K
  class space    used 1086K, capacity 1131K, committed 1152K, reserved 1048576K
}
Event: 0.916 GC heap before
{Heap before GC invocations=1 (full 0):
 garbage-first heap   total 260096K, used 59182K [0x0000000702600000, 0x0000000800000000)
  region size 1024K, 56 young (57344K), 3 survivors (3072K)
 Metaspace       used 20642K, capacity 21183K, committed 21248K, reserved 1069056K
  class space    used 2295K, capacity 2504K, committed 2560K, reserved 1048576K
}
Event: 0.922 GC heap after
{Heap after GC invocations=2 (full 0):
 garbage-first heap   total 260096K, used 8494K [0x0000000702600000, 0x0000000800000000)
  region size 1024K, 6 young (6144K), 6 survivors (6144K)
 Metaspace       used 20642K, capacity 21183K, committed 21248K, reserved 1069056K
  class space    used 2295K, capacity 2504K, committed 2560K, reserved 1048576K
}
Event: 1.240 GC heap before
{Heap before GC invocations=3 (full 0):
 garbage-first heap   total 260096K, used 60718K [0x0000000702600000, 0x0000000800000000)
  region size 1024K, 58 young (59392K), 6 survivors (6144K)
 Metaspace       used 27482K, capacity 28231K, committed 28288K, reserved 1075200K
  class space    used 3130K, capacity 3408K, committed 3456K, reserved 1048576K
}
Event: 1.245 GC heap after
{Heap after GC invocations=4 (full 0):
 garbage-first heap   total 260096K, used 10557K [0x0000000702600000, 0x0000000800000000)
  region size 1024K, 5 young (5120K), 5 survivors (5120K)
 Metaspace       used 27482K, capacity 28231K, committed 28288K, reserved 1075200K
  class space    used 3130K, capacity 3408K, committed 3456K, reserved 1048576K
}
Event: 2.740 GC heap before
{Heap before GC invocations=4 (full 0):
 garbage-first heap   total 260096K, used 86333K [0x0000000702600000, 0x0000000800000000)
  region size 1024K, 79 young (80896K), 5 survivors (5120K)
 Metaspace       used 33630K, capacity 34543K, committed 34816K, reserved 1079296K
  class space    used 3939K, capacity 4307K, committed 4352K, reserved 1048576K
}
Event: 2.744 GC heap after
{Heap after GC invocations=5 (full 0):
 garbage-first heap   total 260096K, used 13798K [0x0000000702600000, 0x0000000800000000)
  region size 1024K, 8 young (8192K), 8 survivors (8192K)
 Metaspace       used 33630K, capacity 34543K, committed 34816K, reserved 1079296K
  class space    used 3939K, capacity 4307K, committed 4352K, reserved 1048576K
}
Event: 2.787 GC heap before
{Heap before GC invocations=5 (full 0):
 garbage-first heap   total 260096K, used 17894K [0x0000000702600000, 0x0000000800000000)
  region size 1024K, 13 young (13312K), 8 survivors (8192K)
 Metaspace       used 34715K, capacity 35677K, committed 35840K, reserved 1081344K
  class space    used 4067K, capacity 4494K, committed 4608K, reserved 1048576K
}
Event: 2.797 GC heap after
{Heap after GC invocations=6 (full 0):
 garbage-first heap   total 260096K, used 13988K [0x0000000702600000, 0x0000000800000000)
  region size 1024K, 8 young (8192K), 8 survivors (8192K)
 Metaspace       used 34715K, capacity 35677K, committed 35840K, reserved 1081344K
  class space    used 4067K, capacity 4494K, committed 4608K, reserved 1048576K
}
Event: 3.801 GC heap before
{Heap before GC invocations=7 (full 0):
 garbage-first heap   total 260096K, used 148132K [0x0000000702600000, 0x0000000800000000)
  region size 1024K, 139 young (142336K), 8 survivors (8192K)
 Metaspace       used 42651K, capacity 43984K, committed 44032K, reserved 1087488K
  class space    used 5041K, capacity 5584K, committed 5632K, reserved 1048576K
}
Event: 3.811 GC heap after
{Heap after GC invocations=8 (full 0):
 garbage-first heap   total 312320K, used 18084K [0x0000000702600000, 0x0000000800000000)
  region size 1024K, 12 young (12288K), 12 survivors (12288K)
 Metaspace       used 42651K, capacity 43984K, committed 44032K, reserved 1087488K
  class space    used 5041K, capacity 5584K, committed 5632K, reserved 1048576K
}

